
Userモデルのテスト
  バリデーションのテスト
    nameカラム
[32m      空欄でないこと[0m
[32m      2文字以上であること: 1文字は×[0m
[32m      20文字以下であること: 21文字は×[0m
[32m      空欄でないこと[0m
[32m      2文字以上であること: 1文字は×[0m
[32m      20文字以下であること: 21文字は×[0m
[32m      一意性があること[0m
  アソシエーションのテスト
    orderモデルとの関係
[32m      1:Nとなっている[0m
    cart_itemモデルとの関係
[32m      1:Nとなっている[0m
    dliveryモデルとの関係
[32m      1:Nとなっている[0m
    reviewモデルとの関係
[32m      1:Nとなっている[0m

ユーザログイン後のテスト
  ヘッダーの表示を確認
[32m    タイトルが表示される[0m
[32m    Homeリンクが表示される: 左上から1番目のリンクが「Home」である[0m
[32m    Aboutリンクが表示される: 左上から2番目のリンクが「About」である[0m
[32m    Snacksリンクが表示される: 左上から3番目のリンクが「Snacks」である[0m
[32m    View allリンクが表示される: 左上から4番目のリンクが「View all」である[0m
[32m    Sign outリンクが表示される: 左上から5番目のリンクが「Sign out」である[0m
[32m    Cartリンクが表示される: 左上から6番目のリンクが「Cart」である[0m

ユーザログアウトのテスト
  ログアウト機能のテスト
[32m    正しくログアウトできている: ログアウト後のリダイレクト先においてAbout画面へのリンクが存在する[0m
[32m    ログアウト後のリダイレクト先が、トップになっている[0m

ヘッダーのテスト: ログインしている場合
  リンクの内容を確認: ※signoutは『ユーザログアウトのテスト』でテスト済み。
[32m    Homeを押すと、Top画面に遷移する[0m
[32m    Aboutを押すと、About画面に遷移する[0m
[32m    Snacksを押すと、Snacksジャンル別画面に遷移する[0m
[32m    View allを押すと、items画面に遷移する[0m
[32m    Cartを押すと、Cart画面に遷移する[0m

自分のユーザ詳細画面のテスト
  表示の確認
[32m    URLが正しい[0m
  マイページの確認
[32m    自分の名前とemailが表示される[0m
[32m    自分のユーザ編集画面へのリンク(Edit your profile)が存在する[0m
  自分のユーザ情報編集画面のテスト
    表示の確認
[32m      URLが正しい[0m
[32m      名前編集フォームに自分の名前(first_name)が表示される[0m
[32m      名前編集フォームに自分の名前(last_name)が表示される[0m
[32m      メールアドレス編集フォームにメールアドレスが表示される[0m
[32m      住所編集フォームが表示される[0m
[32m      City編集フォームが表示される[0m
[32m      Zip/PostalCode編集フォームが表示される[0m
[32m      Country編集フォームが表示される[0m
[32m      Saveボタンが表示される[0m
    更新成功のテスト
[32m      last_nameが正しく更新される[0m
[32m      first_nameが正しく更新される[0m
[32m      emailが正しく更新される[0m
[32m      addressが正しく表示される[0m
[32m      cityが正しく表示される[0m
[32m      Zip/postal_codeが正しく表示される[0m
[32m      リダイレクト先が、自分のユーザ詳細画面になっている[0m

ユーザログイン前のテスト
  トップ画面のテスト
    表示内容の確認
[32m      URLが正しい[0m
[32m      Sign inリンクが表示される: 左上から4番目のリンクが「Sign in」である[0m
[32m      Sign inリンクの内容が正しい[0m
[32m      Sign Upリンクが表示される: 左上から5番目のリンクが「Sign Up」である[0m
[32m      Sign Upリンクの内容が正しい[0m
  アバウト画面のテスト
    表示内容の確認
[32m      URLが正しい[0m
  ヘッダーのテスト: ログインしていない場合
    表示内容の確認
[32m      タイトルが表示される[0m
[32m      Homeリンクが表示される: 左上から1番目のリンクが「Home」である[0m
[32m      Aboutリンクが表示される: 左上から2番目のリンクが「About」である[0m
[32m      Aboutリンクが表示される: 左上から3番目のリンクが「Snacks」である[0m
[32m      Aboutリンクが表示される: 左上から4番目のリンクが「View all」である[0m
[32m      sign upリンクが表示される: 左上から5番目のリンクが「Sign up」である[0m
[32m      sign inリンクが表示される: 左上から6番目のリンクが「Sign in」である[0m
    リンクの内容を確認
[32m      Homeを押すと、トップ画面に遷移する[0m
[32m      Aboutを押すと、アバウト画面に遷移する[0m
[32m      sign upを押すと、新規登録画面に遷移する[0m
[32m      Sign inを押すと、ログイン画面に遷移する[0m
  ユーザ新規登録のテスト
    表示内容の確認
[32m      URLが正しい[0m
[32m      「Sign up」と表示される[0m
[32m      first_nameフォームが表示される[0m
[32m      last_nameフォームが表示される[0m
[32m      emailフォームが表示される[0m
[32m      passwordフォームが表示される[0m
[32m      password_confirmationフォームが表示される[0m
[32m      Sign upボタンが表示される[0m
    新規登録成功のテスト
[32m      正しく新規登録される[0m
[32m      新規登録後のリダイレクト先が、新規登録できたユーザの詳細画面になっている[0m
  ユーザログイン
    表示内容の確認
[32m      URLが正しい[0m
[32m      「Sign in」と表示される[0m
[32m      emailフォームが表示される[0m
[32m      passwordフォームが表示される[0m
[32m      Sign inボタンが表示される[0m
    ログイン成功のテスト
[32m      ログイン後のリダイレクト先が画面、Top画面になっている[0m
    ログイン失敗のテスト
[32m      ログインに失敗し、ログイン画面にリダイレクトされる[0m

Finished in 3.28 seconds (files took 4.12 seconds to load)
[32m78 examples, 0 failures[0m

